ERROR - 2023-08-26 11:15:06 --> 404 Page Not Found: DS_Store/index
ERROR - 2023-08-26 11:15:07 --> 404 Page Not Found: Git/config
ERROR - 2023-08-26 11:15:09 --> 404 Page Not Found: DS_Store/index
ERROR - 2023-08-26 11:15:24 --> 404 Page Not Found: Git/config
ERROR - 2023-08-26 12:55:45 --> Severity: Warning --> Attempt to read property "scheme_id" on array /var/www/api.uatesting.in/application/controllers/Schemes.php 376
ERROR - 2023-08-26 12:55:45 --> Severity: Warning --> Attempt to read property "subhead_id" on array /var/www/api.uatesting.in/application/controllers/Schemes.php 377
ERROR - 2023-08-26 13:09:10 --> Severity: Warning --> Undefined property: stdClass::$approval_status /var/www/api.uatesting.in/application/controllers/Sanctions_order.php 346
ERROR - 2023-08-26 13:13:13 --> Severity: Warning --> Undefined property: stdClass::$payment_status /var/www/api.uatesting.in/application/controllers/Sanctions_order.php 424
ERROR - 2023-08-26 13:13:13 --> Severity: Warning --> Undefined array key "payment_status" /var/www/api.uatesting.in/application/models/Sanctions_order_model.php 328
ERROR - 2023-08-26 14:24:13 --> Severity: Warning --> Attempt to read property "scheme_id" on array /var/www/api.uatesting.in/application/controllers/Schemes.php 376
ERROR - 2023-08-26 14:24:13 --> Severity: Warning --> Attempt to read property "subhead_id" on array /var/www/api.uatesting.in/application/controllers/Schemes.php 377
ERROR - 2023-08-26 20:22:39 --> Severity: Warning --> Undefined property: stdClass::$l3_status /var/www/api.uatesting.in/application/controllers/Schemes.php 186
ERROR - 2023-08-26 20:27:39 --> Severity: Warning --> Undefined property: stdClass::$l3_status /var/www/api.uatesting.in/application/controllers/Schemes.php 186
ERROR - 2023-08-26 20:28:19 --> Severity: Warning --> Attempt to read property "scheme_id" on array /var/www/api.uatesting.in/application/controllers/Schemes.php 376
ERROR - 2023-08-26 20:28:19 --> Severity: Warning --> Attempt to read property "subhead_id" on array /var/www/api.uatesting.in/application/controllers/Schemes.php 377
ERROR - 2023-08-26 20:28:19 --> Severity: Warning --> Attempt to read property "scheme_id" on array /var/www/api.uatesting.in/application/controllers/Schemes.php 376
ERROR - 2023-08-26 20:28:19 --> Severity: Warning --> Attempt to read property "subhead_id" on array /var/www/api.uatesting.in/application/controllers/Schemes.php 377
ERROR - 2023-08-26 20:29:08 --> Severity: Warning --> Attempt to read property "scheme_id" on array /var/www/api.uatesting.in/application/controllers/Schemes.php 376
ERROR - 2023-08-26 20:29:08 --> Severity: Warning --> Attempt to read property "subhead_id" on array /var/www/api.uatesting.in/application/controllers/Schemes.php 377
ERROR - 2023-08-26 20:29:08 --> Severity: Warning --> Attempt to read property "scheme_id" on array /var/www/api.uatesting.in/application/controllers/Schemes.php 376
ERROR - 2023-08-26 20:29:08 --> Severity: Warning --> Attempt to read property "subhead_id" on array /var/www/api.uatesting.in/application/controllers/Schemes.php 377
ERROR - 2023-08-26 20:29:51 --> Severity: Warning --> Undefined array key "attachment" /var/www/api.uatesting.in/application/controllers/Schemes.php 321
ERROR - 2023-08-26 20:29:54 --> Severity: Warning --> Attempt to read property "scheme_id" on array /var/www/api.uatesting.in/application/controllers/Schemes.php 376
ERROR - 2023-08-26 20:29:54 --> Severity: Warning --> Attempt to read property "subhead_id" on array /var/www/api.uatesting.in/application/controllers/Schemes.php 377
ERROR - 2023-08-26 20:29:54 --> Severity: Warning --> Attempt to read property "scheme_id" on array /var/www/api.uatesting.in/application/controllers/Schemes.php 376
ERROR - 2023-08-26 20:29:54 --> Severity: Warning --> Attempt to read property "subhead_id" on array /var/www/api.uatesting.in/application/controllers/Schemes.php 377
ERROR - 2023-08-26 20:30:08 --> Severity: Warning --> Attempt to read property "scheme_id" on array /var/www/api.uatesting.in/application/controllers/Schemes.php 376
ERROR - 2023-08-26 20:30:08 --> Severity: Warning --> Attempt to read property "subhead_id" on array /var/www/api.uatesting.in/application/controllers/Schemes.php 377
ERROR - 2023-08-26 20:30:08 --> Severity: Warning --> Attempt to read property "scheme_id" on array /var/www/api.uatesting.in/application/controllers/Schemes.php 376
ERROR - 2023-08-26 20:30:08 --> Severity: Warning --> Attempt to read property "subhead_id" on array /var/www/api.uatesting.in/application/controllers/Schemes.php 377
ERROR - 2023-08-26 20:30:26 --> Severity: Warning --> Attempt to read property "scheme_id" on array /var/www/api.uatesting.in/application/controllers/Schemes.php 376
ERROR - 2023-08-26 20:30:26 --> Severity: Warning --> Attempt to read property "subhead_id" on array /var/www/api.uatesting.in/application/controllers/Schemes.php 377
ERROR - 2023-08-26 20:30:26 --> Severity: Warning --> Attempt to read property "scheme_id" on array /var/www/api.uatesting.in/application/controllers/Schemes.php 376
ERROR - 2023-08-26 20:30:26 --> Severity: Warning --> Attempt to read property "subhead_id" on array /var/www/api.uatesting.in/application/controllers/Schemes.php 377
ERROR - 2023-08-26 20:30:31 --> Severity: Warning --> Attempt to read property "scheme_id" on array /var/www/api.uatesting.in/application/controllers/Schemes.php 376
ERROR - 2023-08-26 20:30:31 --> Severity: Warning --> Attempt to read property "subhead_id" on array /var/www/api.uatesting.in/application/controllers/Schemes.php 377
ERROR - 2023-08-26 20:30:31 --> Severity: Warning --> Attempt to read property "scheme_id" on array /var/www/api.uatesting.in/application/controllers/Schemes.php 376
ERROR - 2023-08-26 20:30:31 --> Severity: Warning --> Attempt to read property "subhead_id" on array /var/www/api.uatesting.in/application/controllers/Schemes.php 377
ERROR - 2023-08-26 20:47:57 --> Severity: Warning --> Attempt to read property "scheme_id" on array /var/www/api.uatesting.in/application/controllers/Schemes.php 376
ERROR - 2023-08-26 20:47:57 --> Severity: Warning --> Attempt to read property "subhead_id" on array /var/www/api.uatesting.in/application/controllers/Schemes.php 377
ERROR - 2023-08-26 20:48:02 --> Severity: Warning --> Attempt to read property "scheme_id" on array /var/www/api.uatesting.in/application/controllers/Schemes.php 376
ERROR - 2023-08-26 20:48:02 --> Severity: Warning --> Attempt to read property "subhead_id" on array /var/www/api.uatesting.in/application/controllers/Schemes.php 377
ERROR - 2023-08-26 20:48:02 --> Severity: Warning --> Attempt to read property "scheme_id" on array /var/www/api.uatesting.in/application/controllers/Schemes.php 376
ERROR - 2023-08-26 20:48:02 --> Severity: Warning --> Attempt to read property "subhead_id" on array /var/www/api.uatesting.in/application/controllers/Schemes.php 377
ERROR - 2023-08-26 20:48:06 --> Severity: Warning --> Attempt to read property "scheme_id" on array /var/www/api.uatesting.in/application/controllers/Schemes.php 376
ERROR - 2023-08-26 20:48:06 --> Severity: Warning --> Attempt to read property "subhead_id" on array /var/www/api.uatesting.in/application/controllers/Schemes.php 377
ERROR - 2023-08-26 20:48:07 --> Severity: Warning --> Attempt to read property "scheme_id" on array /var/www/api.uatesting.in/application/controllers/Schemes.php 376
ERROR - 2023-08-26 20:48:07 --> Severity: Warning --> Attempt to read property "subhead_id" on array /var/www/api.uatesting.in/application/controllers/Schemes.php 377
ERROR - 2023-08-26 20:48:12 --> Severity: Warning --> Undefined property: stdClass::$l2_status /var/www/api.uatesting.in/application/controllers/Schemes.php 406
ERROR - 2023-08-26 20:48:12 --> Severity: Warning --> Attempt to read property "scheme_id" on array /var/www/api.uatesting.in/application/controllers/Schemes.php 376
ERROR - 2023-08-26 20:48:12 --> Severity: Warning --> Attempt to read property "subhead_id" on array /var/www/api.uatesting.in/application/controllers/Schemes.php 377
ERROR - 2023-08-26 20:48:12 --> Severity: Warning --> Attempt to read property "scheme_id" on array /var/www/api.uatesting.in/application/controllers/Schemes.php 376
ERROR - 2023-08-26 20:48:12 --> Severity: Warning --> Attempt to read property "subhead_id" on array /var/www/api.uatesting.in/application/controllers/Schemes.php 377
ERROR - 2023-08-26 20:48:18 --> Severity: Warning --> Attempt to read property "scheme_id" on array /var/www/api.uatesting.in/application/controllers/Schemes.php 376
ERROR - 2023-08-26 20:48:18 --> Severity: Warning --> Attempt to read property "subhead_id" on array /var/www/api.uatesting.in/application/controllers/Schemes.php 377
ERROR - 2023-08-26 20:48:18 --> Severity: Warning --> Attempt to read property "scheme_id" on array /var/www/api.uatesting.in/application/controllers/Schemes.php 376
ERROR - 2023-08-26 20:48:18 --> Severity: Warning --> Attempt to read property "subhead_id" on array /var/www/api.uatesting.in/application/controllers/Schemes.php 377
ERROR - 2023-08-26 20:48:26 --> Severity: Warning --> Attempt to read property "scheme_id" on array /var/www/api.uatesting.in/application/controllers/Schemes.php 376
ERROR - 2023-08-26 20:48:26 --> Severity: Warning --> Attempt to read property "subhead_id" on array /var/www/api.uatesting.in/application/controllers/Schemes.php 377
ERROR - 2023-08-26 20:48:27 --> Severity: Warning --> Attempt to read property "scheme_id" on array /var/www/api.uatesting.in/application/controllers/Schemes.php 376
ERROR - 2023-08-26 20:48:27 --> Severity: Warning --> Attempt to read property "subhead_id" on array /var/www/api.uatesting.in/application/controllers/Schemes.php 377
ERROR - 2023-08-26 20:48:31 --> Severity: Warning --> Attempt to read property "scheme_id" on array /var/www/api.uatesting.in/application/controllers/Schemes.php 376
ERROR - 2023-08-26 20:48:31 --> Severity: Warning --> Attempt to read property "subhead_id" on array /var/www/api.uatesting.in/application/controllers/Schemes.php 377
ERROR - 2023-08-26 20:48:31 --> Severity: Warning --> Attempt to read property "scheme_id" on array /var/www/api.uatesting.in/application/controllers/Schemes.php 376
ERROR - 2023-08-26 20:48:31 --> Severity: Warning --> Attempt to read property "subhead_id" on array /var/www/api.uatesting.in/application/controllers/Schemes.php 377
ERROR - 2023-08-26 20:48:58 --> Severity: Warning --> Undefined property: stdClass::$l3_status /var/www/api.uatesting.in/application/controllers/Schemes.php 407
ERROR - 2023-08-26 20:48:58 --> Severity: Warning --> Attempt to read property "scheme_id" on array /var/www/api.uatesting.in/application/controllers/Schemes.php 376
ERROR - 2023-08-26 20:48:58 --> Severity: Warning --> Attempt to read property "subhead_id" on array /var/www/api.uatesting.in/application/controllers/Schemes.php 377
ERROR - 2023-08-26 20:48:58 --> Severity: Warning --> Attempt to read property "scheme_id" on array /var/www/api.uatesting.in/application/controllers/Schemes.php 376
ERROR - 2023-08-26 20:48:58 --> Severity: Warning --> Attempt to read property "subhead_id" on array /var/www/api.uatesting.in/application/controllers/Schemes.php 377
ERROR - 2023-08-26 20:49:03 --> Severity: Warning --> Attempt to read property "scheme_id" on array /var/www/api.uatesting.in/application/controllers/Schemes.php 376
ERROR - 2023-08-26 20:49:03 --> Severity: Warning --> Attempt to read property "subhead_id" on array /var/www/api.uatesting.in/application/controllers/Schemes.php 377
ERROR - 2023-08-26 20:49:03 --> Severity: Warning --> Attempt to read property "scheme_id" on array /var/www/api.uatesting.in/application/controllers/Schemes.php 376
ERROR - 2023-08-26 20:49:03 --> Severity: Warning --> Attempt to read property "subhead_id" on array /var/www/api.uatesting.in/application/controllers/Schemes.php 377
ERROR - 2023-08-26 21:51:10 --> 404 Page Not Found: Faviconico/index
ERROR - 2023-08-26 22:05:14 --> 404 Page Not Found: /index
ERROR - 2023-08-26 22:05:14 --> 404 Page Not Found: Wp-includes/wlwmanifest.xml
ERROR - 2023-08-26 22:05:14 --> 404 Page Not Found: /index
ERROR - 2023-08-26 22:05:14 --> 404 Page Not Found: Blog/wp-includes
ERROR - 2023-08-26 22:05:14 --> 404 Page Not Found: Web/wp-includes
ERROR - 2023-08-26 22:05:15 --> 404 Page Not Found: Wordpress/wp-includes
ERROR - 2023-08-26 22:05:15 --> 404 Page Not Found: Website/wp-includes
ERROR - 2023-08-26 22:05:15 --> 404 Page Not Found: Wp/wp-includes
ERROR - 2023-08-26 22:05:15 --> 404 Page Not Found: News/wp-includes
ERROR - 2023-08-26 22:05:15 --> 404 Page Not Found: 2018/wp-includes
ERROR - 2023-08-26 22:05:15 --> 404 Page Not Found: 2019/wp-includes
ERROR - 2023-08-26 22:05:15 --> 404 Page Not Found: Shop/wp-includes
ERROR - 2023-08-26 22:05:15 --> 404 Page Not Found: Wp1/wp-includes
ERROR - 2023-08-26 22:05:15 --> 404 Page Not Found: Test/wp-includes
ERROR - 2023-08-26 22:05:15 --> 404 Page Not Found: Media/wp-includes
ERROR - 2023-08-26 22:05:15 --> 404 Page Not Found: Wp2/wp-includes
ERROR - 2023-08-26 22:05:15 --> 404 Page Not Found: Site/wp-includes
ERROR - 2023-08-26 22:05:15 --> 404 Page Not Found: Cms/wp-includes
ERROR - 2023-08-26 22:05:15 --> 404 Page Not Found: Sito/wp-includes
ERROR - 2023-08-26 22:10:42 --> Severity: error --> Exception: /var/www/api.uatesting.in/application/models/Schemes_model.php exists, but doesn't declare class Schemes_model /var/www/api.uatesting.in/system/core/Loader.php 340
